<?xml version="1.0" encoding="UTF-8"?>
<testsuite name="com.mini.sardis.payment.application.service.HandleWebhookServiceTest" tests="4" skipped="0" failures="0" errors="0" timestamp="2026-04-25T21:02:19.893Z" hostname="DESKTOP-MFFJA06" time="3.289">
  <properties/>
  <testcase name="duplicateWebhook_alreadyProcessed_isSkipped()" classname="com.mini.sardis.payment.application.service.HandleWebhookServiceTest" time="2.987"/>
  <testcase name="successWebhook_marksSuccessAndPublishesCompletedEvent()" classname="com.mini.sardis.payment.application.service.HandleWebhookServiceTest" time="0.256"/>
  <testcase name="failureWebhook_marksFailedAndPublishesFailedEvent()" classname="com.mini.sardis.payment.application.service.HandleWebhookServiceTest" time="0.024"/>
  <testcase name="webhook_throwsWhenPaymentNotFound()" classname="com.mini.sardis.payment.application.service.HandleWebhookServiceTest" time="0.009"/>
  <system-out><![CDATA[00:02:22.858 [Test worker] INFO com.mini.sardis.payment.application.service.HandleWebhookService -- Webhook already processed for key=key-dup
00:02:22.898 [Test worker] INFO com.mini.sardis.payment.application.service.HandleWebhookService -- Webhook: payment succeeded subscription=0ae0f145-1be3-452c-91c4-5168b83ce5fc
00:02:23.159 [Test worker] WARN com.mini.sardis.payment.application.service.HandleWebhookService -- Webhook: payment failed subscription=86d2eac7-d01b-4593-809c-3559d7d56aa5 reason=card_declined
]]></system-out>
  <system-err><![CDATA[]]></system-err>
</testsuite>
