<?xml version="1.0" encoding="UTF-8"?>
<testsuite name="com.mini.sardis.payment.infrastructure.adapter.in.web.PaymentApiComponentTest" tests="8" skipped="0" failures="0" errors="0" timestamp="2026-04-25T21:02:29.427Z" hostname="DESKTOP-MFFJA06" time="24.623">
  <properties/>
  <testcase name="webhook_validSignatureKnownPendingKey_returns200()" classname="com.mini.sardis.payment.infrastructure.adapter.in.web.PaymentApiComponentTest" time="1.363"/>
  <testcase name="webhook_validSignatureUnknownKey_returns400()" classname="com.mini.sardis.payment.infrastructure.adapter.in.web.PaymentApiComponentTest" time="0.224"/>
  <testcase name="webhook_missingSignature_returns401()" classname="com.mini.sardis.payment.infrastructure.adapter.in.web.PaymentApiComponentTest" time="0.022"/>
  <testcase name="getPaymentHistory_differentSubscriptions_isolatedResults()" classname="com.mini.sardis.payment.infrastructure.adapter.in.web.PaymentApiComponentTest" time="0.157"/>
  <testcase name="webhook_invalidSignature_returns401()" classname="com.mini.sardis.payment.infrastructure.adapter.in.web.PaymentApiComponentTest" time="0.042"/>
  <testcase name="getPaymentHistory_multipleMethodsTrackedIndependently()" classname="com.mini.sardis.payment.infrastructure.adapter.in.web.PaymentApiComponentTest" time="0.066"/>
  <testcase name="getPaymentHistory_emptyForUnknownSubscription()" classname="com.mini.sardis.payment.infrastructure.adapter.in.web.PaymentApiComponentTest" time="0.024"/>
  <testcase name="getPaymentHistory_returnsStoredPayments()" classname="com.mini.sardis.payment.infrastructure.adapter.in.web.PaymentApiComponentTest" time="0.055"/>
  <system-out><![CDATA[00:02:29.580 [Test worker] INFO org.springframework.test.context.support.AnnotationConfigContextLoaderUtils -- Could not detect default configuration classes for test class [com.mini.sardis.payment.infrastructure.adapter.in.web.PaymentApiComponentTest]: PaymentApiComponentTest does not declare any static, non-private, non-final, nested classes annotated with @Configuration.
00:02:30.226 [Test worker] INFO org.springframework.boot.test.context.SpringBootTestContextBootstrapper -- Found @SpringBootConfiguration com.mini.sardis.payment.PaymentServiceApplication for test class com.mini.sardis.payment.infrastructure.adapter.in.web.PaymentApiComponentTest
00:02:30.511 [Test worker] INFO org.springframework.test.context.support.AnnotationConfigContextLoaderUtils -- Could not detect default configuration classes for test class [com.mini.sardis.payment.infrastructure.adapter.in.web.PaymentApiComponentTest]: PaymentApiComponentTest does not declare any static, non-private, non-final, nested classes annotated with @Configuration.
00:02:30.513 [Test worker] INFO org.springframework.test.context.support.AnnotationConfigContextLoaderUtils -- Could not detect default configuration classes for test class [com.mini.sardis.payment.BaseComponentTest]: BaseComponentTest does not declare any static, non-private, non-final, nested classes annotated with @Configuration.
00:02:30.518 [Test worker] INFO org.springframework.boot.test.context.SpringBootTestContextBootstrapper -- Found @SpringBootConfiguration com.mini.sardis.payment.PaymentServiceApplication for test class com.mini.sardis.payment.infrastructure.adapter.in.web.PaymentApiComponentTest

  .   ____          _            __ _ _
 /\\ / ___'_ __ _ _(_)_ __  __ _ \ \ \ \
( ( )\___ | '_ | '_| | '_ \/ _` | \ \ \ \
 \\/  ___)| |_)| | | | | || (_| |  ) ) ) )
  '  |____| .__|_| |_|_| |_\__, | / / / /
 =========|_|==============|___/=/_/_/_/

 :: Spring Boot ::                (v4.0.5)

Formatting metadata directory C:\Users\ASUS\AppData\Local\Temp\kafka-8366801473493956064\combined_0_0 with metadata.version 4.2-IV1.
00:02:35.394 [quorum-controller-0-event-handler] WARN  o.a.k.controller.QuorumController - [QuorumController id=0] Performing controller activation. The metadata log appears to be empty. Appending 6 bootstrap record(s) in metadata transaction at metadata.version 4.2-IV1 from bootstrap source 'testkit'.
00:02:36.871 [kafka-0-metadata-loader-event-handler] INFO  state.change.logger - [Broker id=0] Transitioning 4 partition(s) to local leaders.
00:02:36.885 [kafka-0-metadata-loader-event-handler] INFO  state.change.logger - [Broker id=0] Creating new partition subscription.created.v1-0 with topic id WIvDsB-DR5eu251W8Q-L3g.
00:02:36.913 [Test worker] INFO  c.m.s.p.i.a.i.w.PaymentApiComponentTest - Starting PaymentApiComponentTest using Java 17.0.1 with PID 4764 (started by ASUS in C:\Users\ASUS\Desktop\turkcell\mini-sardis\payment-service)
00:02:36.914 [Test worker] DEBUG c.m.s.p.i.a.i.w.PaymentApiComponentTest - Running with Spring Boot v4.0.5, Spring v7.0.6
00:02:36.915 [Test worker] INFO  c.m.s.p.i.a.i.w.PaymentApiComponentTest - The following 1 profile is active: "componentTest"
00:02:37.046 [kafka-0-metadata-loader-event-handler] INFO  state.change.logger - [Broker id=0] Leader subscription.created.v1-0 with topic id Some(WIvDsB-DR5eu251W8Q-L3g) starts at leader epoch 0 from offset 0 with partition epoch 0, high watermark 0, ISR [0], adding replicas [] and removing replicas [] . Previous leader None and previous leader epoch was -1.
00:02:37.065 [kafka-0-metadata-loader-event-handler] INFO  state.change.logger - [Broker id=0] Creating new partition renewal.requested.v1-0 with topic id AfWzkkJ2QzS8ukcugkeQ4w.
00:02:37.072 [kafka-0-metadata-loader-event-handler] INFO  state.change.logger - [Broker id=0] Leader renewal.requested.v1-0 with topic id Some(AfWzkkJ2QzS8ukcugkeQ4w) starts at leader epoch 0 from offset 0 with partition epoch 0, high watermark 0, ISR [0], adding replicas [] and removing replicas [] . Previous leader None and previous leader epoch was -1.
00:02:37.076 [kafka-0-metadata-loader-event-handler] INFO  state.change.logger - [Broker id=0] Creating new partition payment.failed.v1-0 with topic id 0KY-opQlQf6IFEFl2SuIbg.
00:02:37.082 [kafka-0-metadata-loader-event-handler] INFO  state.change.logger - [Broker id=0] Leader payment.failed.v1-0 with topic id Some(0KY-opQlQf6IFEFl2SuIbg) starts at leader epoch 0 from offset 0 with partition epoch 0, high watermark 0, ISR [0], adding replicas [] and removing replicas [] . Previous leader None and previous leader epoch was -1.
00:02:37.087 [kafka-0-metadata-loader-event-handler] INFO  state.change.logger - [Broker id=0] Creating new partition payment.completed.v1-0 with topic id d0ioGTUOTFe1I-OneZlgXg.
00:02:37.094 [kafka-0-metadata-loader-event-handler] INFO  state.change.logger - [Broker id=0] Leader payment.completed.v1-0 with topic id Some(d0ioGTUOTFe1I-OneZlgXg) starts at leader epoch 0 from offset 0 with partition epoch 0, high watermark 0, ISR [0], adding replicas [] and removing replicas [] . Previous leader None and previous leader epoch was -1.
00:02:39.904 [Test worker] INFO  o.s.d.r.c.RepositoryConfigurationDelegate - Bootstrapping Spring Data JPA repositories in DEFAULT mode.
00:02:40.136 [Test worker] INFO  o.s.d.r.c.RepositoryConfigurationDelegate - Finished Spring Data repository scanning in 204 ms. Found 1 JPA repository interface.
00:02:42.050 [Test worker] INFO  o.s.boot.tomcat.TomcatWebServer - Tomcat initialized with port 0 (http)
00:02:42.074 [Test worker] INFO  o.a.coyote.http11.Http11NioProtocol - Initializing ProtocolHandler ["http-nio-auto-1"]
00:02:42.078 [Test worker] INFO  o.a.catalina.core.StandardService - Starting service [Tomcat]
00:02:42.079 [Test worker] INFO  o.a.catalina.core.StandardEngine - Starting Servlet engine: [Apache Tomcat/11.0.20]
00:02:42.227 [Test worker] INFO  o.s.b.w.c.s.WebApplicationContextInitializer - Root WebApplicationContext: initialization completed in 5253 ms
00:02:43.030 [Test worker] INFO  com.zaxxer.hikari.HikariDataSource - HikariPool-1 - Starting...
00:02:43.303 [Test worker] INFO  com.zaxxer.hikari.pool.HikariPool - HikariPool-1 - Added connection conn0: url=jdbc:h2:mem:paymenttestdb user=SA
00:02:43.307 [Test worker] INFO  com.zaxxer.hikari.HikariDataSource - HikariPool-1 - Start completed.
00:02:43.369 [Test worker] INFO  org.flywaydb.core.FlywayExecutor - Database: jdbc:h2:mem:paymenttestdb (H2 2.4)
00:02:43.376 [Test worker] WARN  o.f.c.i.database.base.Database - Using H2 2.4.240 which is newer than the version Flyway has been verified with. The latest verified version of H2 is 2.3.232.
00:02:43.420 [Test worker] INFO  o.f.c.i.s.JdbcTableSchemaHistory - Schema history table "PUBLIC"."flyway_schema_history" does not exist yet
00:02:43.424 [Test worker] INFO  o.f.core.internal.command.DbValidate - Successfully validated 2 migrations (execution time 00:00.019s)
00:02:43.438 [Test worker] INFO  o.f.c.i.s.JdbcTableSchemaHistory - Creating Schema History table "PUBLIC"."flyway_schema_history" ...
00:02:43.496 [Test worker] INFO  o.f.core.internal.command.DbMigrate - Current version of schema "PUBLIC": << Empty Schema >>
00:02:43.505 [Test worker] INFO  o.f.core.internal.command.DbMigrate - Migrating schema "PUBLIC" to version "1 - create payments"
00:02:43.522 [Test worker] INFO  o.f.core.internal.command.DbMigrate - Migrating schema "PUBLIC" to version "2 - add payment method"
00:02:43.545 [Test worker] INFO  o.f.core.internal.command.DbMigrate - Successfully applied 2 migrations to schema "PUBLIC", now at version v2 (execution time 00:00.017s)
00:02:44.707 [Test worker] INFO  o.s.o.j.p.SpringPersistenceUnitInfo - No LoadTimeWeaver setup: ignoring JPA class transformer
00:02:44.797 [Test worker] WARN  org.hibernate.orm.deprecation - HHH90000025: H2Dialect does not need to be specified explicitly using 'hibernate.dialect' (remove the property setting and it will be selected by default)
00:02:46.283 [Test worker] INFO  o.s.o.j.LocalContainerEntityManagerFactoryBean - Initialized JPA EntityManagerFactory for persistence unit 'default'
00:02:47.014 [Test worker] INFO  o.s.d.j.r.q.QueryEnhancerFactories - Hibernate is in classpath; If applicable, HQL parser will be used.
00:02:49.810 [Test worker] WARN  o.s.b.s.a.UserDetailsServiceAutoConfiguration - 

Using generated security password: 10321a48-7065-45d9-b122-67242adadda4

This generated password is for development use only. Your security configuration must be updated before running your application in production.

00:02:49.860 [Test worker] INFO  o.s.s.c.a.a.c.InitializeUserDetailsBeanManagerConfigurer$InitializeUserDetailsManagerConfigurer - Global AuthenticationManager configured with UserDetailsService bean with name inMemoryUserDetailsManager
00:02:51.806 [Test worker] INFO  o.s.b.a.e.web.EndpointLinksResolver - Exposing 3 endpoints beneath base path '/actuator'
00:02:51.938 [Test worker] INFO  o.a.coyote.http11.Http11NioProtocol - Starting ProtocolHandler ["http-nio-auto-1"]
00:02:51.958 [Test worker] INFO  o.s.boot.tomcat.TomcatWebServer - Tomcat started on port 59808 (http) with context path '/'
00:02:52.001 [Test worker] INFO  c.m.s.p.i.a.i.w.PaymentApiComponentTest - Started PaymentApiComponentTest in 21.344 seconds (process running for 37.382)
00:02:52.043 [Test worker] WARN  o.s.c.events.SpringDocAppInitializer - SpringDoc /v3/api-docs endpoint is enabled by default. To disable it in production, set the property 'springdoc.api-docs.enabled=false'
00:02:52.043 [Test worker] WARN  o.s.c.events.SpringDocAppInitializer - SpringDoc /swagger-ui.html endpoint is enabled by default. To disable it in production, set the property 'springdoc.swagger-ui.enabled=false'
00:02:52.223 [Test worker] INFO  o.a.c.c.C.[Tomcat].[localhost].[/] - Initializing Spring TestDispatcherServlet ''
00:02:52.223 [Test worker] INFO  o.s.t.w.s.TestDispatcherServlet - Initializing Servlet ''
00:02:52.225 [Test worker] INFO  o.s.t.w.s.TestDispatcherServlet - Completed initialization in 2 ms
00:02:53.250 [Test worker] INFO  c.m.s.p.a.s.HandleWebhookService - Webhook: payment succeeded subscription=2f5948e0-7681-4518-a143-ad1b5057246e
00:02:53.452 [Test worker] INFO  c.m.sardis.payment.CustomTestWatcher - [PASS] webhook_validSignatureKnownPendingKey_returns200()
00:02:53.463 [Test worker] INFO  o.a.c.c.C.[Tomcat].[localhost].[/] - Initializing Spring TestDispatcherServlet ''
00:02:53.464 [Test worker] INFO  o.s.t.w.s.TestDispatcherServlet - Initializing Servlet ''
00:02:53.470 [Test worker] INFO  o.s.t.w.s.TestDispatcherServlet - Completed initialization in 6 ms
00:02:53.605 [kafka-producer-network-thread | payment-service-test-producer-1] DEBUG c.m.s.p.i.a.o.k.KafkaEventPublisherAdapter - Published to topic=payment.completed.v1 partition=0 offset=0
00:02:53.676 [Test worker] INFO  c.m.sardis.payment.CustomTestWatcher - [PASS] webhook_validSignatureUnknownKey_returns400()
00:02:53.681 [Test worker] INFO  o.a.c.c.C.[Tomcat].[localhost].[/] - Initializing Spring TestDispatcherServlet ''
00:02:53.682 [Test worker] INFO  o.s.t.w.s.TestDispatcherServlet - Initializing Servlet ''
00:02:53.687 [Test worker] INFO  o.s.t.w.s.TestDispatcherServlet - Completed initialization in 4 ms
00:02:53.692 [Test worker] WARN  c.m.s.c.s.WebhookSignatureVerifier - Webhook received without X-Signature header
00:02:53.698 [Test worker] INFO  c.m.sardis.payment.CustomTestWatcher - [PASS] webhook_missingSignature_returns401()
00:02:53.708 [Test worker] INFO  o.a.c.c.C.[Tomcat].[localhost].[/] - Initializing Spring TestDispatcherServlet ''
00:02:53.709 [Test worker] INFO  o.s.t.w.s.TestDispatcherServlet - Initializing Servlet ''
00:02:53.711 [Test worker] INFO  o.s.t.w.s.TestDispatcherServlet - Completed initialization in 2 ms
00:02:53.857 [Test worker] INFO  c.m.sardis.payment.CustomTestWatcher - [PASS] getPaymentHistory_differentSubscriptions_isolatedResults()
00:02:53.880 [Test worker] INFO  o.a.c.c.C.[Tomcat].[localhost].[/] - Initializing Spring TestDispatcherServlet ''
00:02:53.890 [Test worker] INFO  o.s.t.w.s.TestDispatcherServlet - Initializing Servlet ''
00:02:53.893 [Test worker] INFO  o.s.t.w.s.TestDispatcherServlet - Completed initialization in 2 ms
00:02:53.895 [Test worker] WARN  c.m.s.c.s.WebhookSignatureVerifier - Webhook signature mismatch
00:02:53.901 [Test worker] INFO  c.m.sardis.payment.CustomTestWatcher - [PASS] webhook_invalidSignature_returns401()
00:02:53.909 [Test worker] INFO  o.a.c.c.C.[Tomcat].[localhost].[/] - Initializing Spring TestDispatcherServlet ''
00:02:53.910 [Test worker] INFO  o.s.t.w.s.TestDispatcherServlet - Initializing Servlet ''
00:02:53.925 [Test worker] INFO  o.s.t.w.s.TestDispatcherServlet - Completed initialization in 8 ms
00:02:53.970 [Test worker] INFO  c.m.sardis.payment.CustomTestWatcher - [PASS] getPaymentHistory_multipleMethodsTrackedIndependently()
00:02:53.973 [Test worker] INFO  o.a.c.c.C.[Tomcat].[localhost].[/] - Initializing Spring TestDispatcherServlet ''
00:02:53.974 [Test worker] INFO  o.s.t.w.s.TestDispatcherServlet - Initializing Servlet ''
00:02:53.976 [Test worker] INFO  o.s.t.w.s.TestDispatcherServlet - Completed initialization in 2 ms
00:02:53.994 [Test worker] INFO  c.m.sardis.payment.CustomTestWatcher - [PASS] getPaymentHistory_emptyForUnknownSubscription()
00:02:53.998 [Test worker] INFO  o.a.c.c.C.[Tomcat].[localhost].[/] - Initializing Spring TestDispatcherServlet ''
00:02:53.998 [Test worker] INFO  o.s.t.w.s.TestDispatcherServlet - Initializing Servlet ''
00:02:54.000 [Test worker] INFO  o.s.t.w.s.TestDispatcherServlet - Completed initialization in 1 ms
00:02:54.050 [Test worker] INFO  c.m.sardis.payment.CustomTestWatcher - [PASS] getPaymentHistory_returnsStoredPayments()
]]></system-out>
  <system-err><![CDATA[]]></system-err>
</testsuite>
